  main.cpp
M:\VSProjects\ImSynth\ImSynth\Synth\WaveTableOsc.h(117,20): warning C4244: 'initializing': conversion from 'double' to 'float', possible loss of data
M:\VSProjects\ImSynth\ImSynth\Synth\WaveTableOsc.h(118,21): warning C4244: 'initializing': conversion from 'float' to 'int', possible loss of data
M:\VSProjects\ImSynth\ImSynth\Synth\WaveTableOsc.h(145,20): warning C4244: 'initializing': conversion from 'double' to 'float', possible loss of data
M:\VSProjects\ImSynth\ImSynth\Synth\WaveTableOsc.h(146,21): warning C4244: 'initializing': conversion from 'float' to 'int', possible loss of data
M:\VSProjects\ImSynth\ImSynth\Synth\WaveTableOsc.h(153,28): warning C4244: 'initializing': conversion from 'double' to 'float', possible loss of data
M:\VSProjects\ImSynth\ImSynth\Synth\WaveTableOsc.h(157,19): warning C4244: '=': conversion from 'float' to 'int', possible loss of data
M:\VSProjects\ImSynth\ImSynth\main.cpp(85,26): warning C4244: '=': conversion from 'double' to '_Ty', possible loss of data
          with
          [
              _Ty=float
          ]
M:\VSProjects\ImSynth\ImSynth\main.cpp(151,22): warning C4244: '=': conversion from 'double' to 'float', possible loss of data
M:\VSProjects\ImSynth\ImSynth\main.cpp(303,35): warning C4244: '=': conversion from 'double' to 'float', possible loss of data
M:\VSProjects\ImSynth\ImSynth\main.cpp(342,66): warning C4305: 'argument': truncation from 'double' to 'float'
  Generating code
  0 of 2228 functions ( 0.0%) were compiled, the rest were copied from previous compilation.
    0 functions were new in current compilation
    0 functions had inline decision re-evaluated but remain unchanged
  Finished generating code
LINK : warning LNK4286: symbol '_vsnprintf' defined in 'implot.obj' is imported by 'glfw3.lib(init.obj)'
LINK : warning LNK4286: symbol '_vsnprintf' defined in 'implot.obj' is imported by 'MSVCRT.lib(vsnprintf.obj)'
LINK : warning LNK4286: symbol '_sscanf' defined in 'imgui.obj' is imported by 'glfw3.lib(context.obj)'
LINK : warning LNK4286: symbol '__vsnprintf' defined in 'imgui.obj' is imported by 'MSVCRT.lib(vsnprintf.obj)'
  ImSynth.vcxproj -> M:\VSProjects\ImSynth\Release\ImSynth.exe
